<?xml version="1.0" encoding="UTF-8"?>
<testsuite name="com.project.ldts.controller.PlayerControllerTest" tests="6" skipped="0" failures="0" errors="0" timestamp="2022-12-18T22:48:32" hostname="Eltons-MacBook-Pro.local" time="0.009">
  <properties/>
  <testcase name="moveLeftEmpty()" classname="com.project.ldts.controller.PlayerControllerTest" time="0.001"/>
  <testcase name="moveRightNotEmpty()" classname="com.project.ldts.controller.PlayerControllerTest" time="0.002"/>
  <testcase name="moveUpEmpty()" classname="com.project.ldts.controller.PlayerControllerTest" time="0.001"/>
  <testcase name="moveRightEmpty()" classname="com.project.ldts.controller.PlayerControllerTest" time="0.0"/>
  <testcase name="collect()" classname="com.project.ldts.controller.PlayerControllerTest" time="0.001"/>
  <testcase name="moveDownNotEmpty()" classname="com.project.ldts.controller.PlayerControllerTest" time="0.001"/>
  <system-out><![CDATA[]]></system-out>
  <system-err><![CDATA[]]></system-err>
</testsuite>
