<?xml version="1.0" encoding="UTF-8"?>
<testsuite name="com.project.ldts.model.ArenaTest" tests="1" skipped="0" failures="0" errors="0" timestamp="2022-12-14T14:40:09" hostname="Eltons-MacBook-Pro.local" time="0.004">
  <properties/>
  <testcase name="arenaBuilder()" classname="com.project.ldts.model.ArenaTest" time="0.004"/>
  <system-out><![CDATA[]]></system-out>
  <system-err><![CDATA[]]></system-err>
</testsuite>
