<?xml version="1.0" encoding="UTF-8"?>
<testsuite name="com.project.ldts.model.ScoreTest" tests="2" skipped="0" failures="0" errors="0" timestamp="2022-12-14T14:40:09" hostname="Eltons-MacBook-Pro.local" time="0.026">
  <properties/>
  <testcase name="scoreReader()" classname="com.project.ldts.model.ScoreTest" time="0.006"/>
  <testcase name="scoreWriter()" classname="com.project.ldts.model.ScoreTest" time="0.019"/>
  <system-out><![CDATA[]]></system-out>
  <system-err><![CDATA[]]></system-err>
</testsuite>
