<?xml version="1.0" encoding="UTF-8"?>
<testsuite name="com.project.ldts.controller.EnemyControllerTest" tests="5" skipped="0" failures="0" errors="0" timestamp="2022-12-18T22:48:32" hostname="Eltons-MacBook-Pro.local" time="0.009">
  <properties/>
  <testcase name="isOnWater()" classname="com.project.ldts.controller.EnemyControllerTest" time="0.003"/>
  <testcase name="moveEnemies()" classname="com.project.ldts.controller.EnemyControllerTest" time="0.001"/>
  <testcase name="playerEnemyCollision()" classname="com.project.ldts.controller.EnemyControllerTest" time="0.0"/>
  <testcase name="enemiesCantMove()" classname="com.project.ldts.controller.EnemyControllerTest" time="0.001"/>
  <testcase name="enemiesAttack()" classname="com.project.ldts.controller.EnemyControllerTest" time="0.001"/>
  <system-out><![CDATA[]]></system-out>
  <system-err><![CDATA[]]></system-err>
</testsuite>
