<?xml version="1.0" encoding="UTF-8"?>
<testsuite name="com.project.ldts.states.GameStateTest" tests="1" skipped="0" failures="0" errors="0" timestamp="2022-12-18T22:48:32" hostname="Eltons-MacBook-Pro.local" time="0.0">
  <properties/>
  <testcase name="gameState()" classname="com.project.ldts.states.GameStateTest" time="0.0"/>
  <system-out><![CDATA[]]></system-out>
  <system-err><![CDATA[]]></system-err>
</testsuite>
