<?xml version="1.0" encoding="UTF-8"?>
<testsuite name="com.project.ldts.states.MenuStatesTests" tests="10" skipped="0" failures="0" errors="0" timestamp="2022-12-18T22:48:32" hostname="Eltons-MacBook-Pro.local" time="0.011">
  <properties/>
  <testcase name="mainMenuState()" classname="com.project.ldts.states.MenuStatesTests" time="0.001"/>
  <testcase name="winnerScoreMenuState()" classname="com.project.ldts.states.MenuStatesTests" time="0.001"/>
  <testcase name="loserMenuState()" classname="com.project.ldts.states.MenuStatesTests" time="0.001"/>
  <testcase name="scoreMenuState()" classname="com.project.ldts.states.MenuStatesTests" time="0.001"/>
  <testcase name="winnerMenuState()" classname="com.project.ldts.states.MenuStatesTests" time="0.001"/>
  <testcase name="arenaScoreMenuState()" classname="com.project.ldts.states.MenuStatesTests" time="0.001"/>
  <testcase name="aboutMenuState()" classname="com.project.ldts.states.MenuStatesTests" time="0.0"/>
  <testcase name="settingsMenuState()" classname="com.project.ldts.states.MenuStatesTests" time="0.001"/>
  <testcase name="instructionsMenuState()" classname="com.project.ldts.states.MenuStatesTests" time="0.001"/>
  <testcase name="arenaMenuState()" classname="com.project.ldts.states.MenuStatesTests" time="0.0"/>
  <system-out><![CDATA[]]></system-out>
  <system-err><![CDATA[]]></system-err>
</testsuite>
