<?xml version="1.0" encoding="UTF-8"?>
<testsuite name="com.project.ldts.model.ScoreTest" tests="1" skipped="0" failures="0" errors="0" timestamp="2022-12-18T22:48:32" hostname="Eltons-MacBook-Pro.local" time="0.012">
  <properties/>
  <testcase name="scoreReader()" classname="com.project.ldts.model.ScoreTest" time="0.012"/>
  <system-out><![CDATA[]]></system-out>
  <system-err><![CDATA[]]></system-err>
</testsuite>
