<?xml version="1.0" encoding="UTF-8"?>
<testsuite name="com.project.ldts.gui.LanternaGUITest" tests="1" skipped="0" failures="0" errors="0" timestamp="2022-12-18T23:54:36" hostname="Eltons-MacBook-Pro.local" time="0.763">
  <properties/>
  <testcase name="drawFirstRow()" classname="com.project.ldts.gui.LanternaGUITest" time="0.763"/>
  <system-out><![CDATA[]]></system-out>
  <system-err><![CDATA[]]></system-err>
</testsuite>
