<?xml version="1.0" encoding="UTF-8"?>
<testsuite name="com.project.ldts.gui.LanternaGUITest" tests="6" skipped="0" failures="0" errors="0" timestamp="2022-12-18T22:48:31" hostname="Eltons-MacBook-Pro.local" time="0.983">
  <properties/>
  <testcase name="nextAction()" classname="com.project.ldts.gui.LanternaGUITest" time="0.945"/>
  <testcase name="drawFirstRow()" classname="com.project.ldts.gui.LanternaGUITest" time="0.027"/>
  <testcase name="drawText()" classname="com.project.ldts.gui.LanternaGUITest" time="0.003"/>
  <testcase name="clear()" classname="com.project.ldts.gui.LanternaGUITest" time="0.001"/>
  <testcase name="close()" classname="com.project.ldts.gui.LanternaGUITest" time="0.001"/>
  <testcase name="refresh()" classname="com.project.ldts.gui.LanternaGUITest" time="0.001"/>
  <system-out><![CDATA[]]></system-out>
  <system-err><![CDATA[]]></system-err>
</testsuite>
