<?xml version="1.0" encoding="UTF-8"?>
<testsuite name="com.project.ldts.controller.MenuControllerTest" tests="10" skipped="0" failures="0" errors="0" timestamp="2022-12-18T22:48:32" hostname="Eltons-MacBook-Pro.local" time="0.247">
  <properties/>
  <testcase name="aboutMenu()" classname="com.project.ldts.controller.MenuControllerTest" time="0.031"/>
  <testcase name="winnerScoreMenu()" classname="com.project.ldts.controller.MenuControllerTest" time="0.043"/>
  <testcase name="arenasMenu()" classname="com.project.ldts.controller.MenuControllerTest" time="0.039"/>
  <testcase name="mainMenu()" classname="com.project.ldts.controller.MenuControllerTest" time="0.033"/>
  <testcase name="loserMenu()" classname="com.project.ldts.controller.MenuControllerTest" time="0.033"/>
  <testcase name="instructionsMenu()" classname="com.project.ldts.controller.MenuControllerTest" time="0.001"/>
  <testcase name="settingsMenu()" classname="com.project.ldts.controller.MenuControllerTest" time="0.029"/>
  <testcase name="arenaScoreMenu()" classname="com.project.ldts.controller.MenuControllerTest" time="0.002"/>
  <testcase name="winnerMenu()" classname="com.project.ldts.controller.MenuControllerTest" time="0.025"/>
  <testcase name="scoreMenu()" classname="com.project.ldts.controller.MenuControllerTest" time="0.003"/>
  <system-out><![CDATA[]]></system-out>
  <system-err><![CDATA[]]></system-err>
</testsuite>
