<?xml version="1.0" encoding="UTF-8"?>
<testsuite name="com.project.ldts.model.PositionTest" tests="5" skipped="0" failures="0" errors="0" timestamp="2022-12-18T22:48:32" hostname="Eltons-MacBook-Pro.local" time="0.005">
  <properties/>
  <testcase name="getDown()" classname="com.project.ldts.model.PositionTest" time="0.0"/>
  <testcase name="getLeft()" classname="com.project.ldts.model.PositionTest" time="0.0"/>
  <testcase name="getUp()" classname="com.project.ldts.model.PositionTest" time="0.001"/>
  <testcase name="checkIfNear()" classname="com.project.ldts.model.PositionTest" time="0.002"/>
  <testcase name="getRight()" classname="com.project.ldts.model.PositionTest" time="0.001"/>
  <system-out><![CDATA[]]></system-out>
  <system-err><![CDATA[]]></system-err>
</testsuite>
