<?xml version="1.0" encoding="UTF-8"?>
<testsuite name="com.project.ldts.model.ElementsTest" tests="5" skipped="0" failures="0" errors="0" timestamp="2022-12-18T22:48:32" hostname="Eltons-MacBook-Pro.local" time="0.002">
  <properties/>
  <testcase name="safeHouse()" classname="com.project.ldts.model.ElementsTest" time="0.0"/>
  <testcase name="specialBox()" classname="com.project.ldts.model.ElementsTest" time="0.0"/>
  <testcase name="player()" classname="com.project.ldts.model.ElementsTest" time="0.0"/>
  <testcase name="enemy()" classname="com.project.ldts.model.ElementsTest" time="0.0"/>
  <testcase name="bullets()" classname="com.project.ldts.model.ElementsTest" time="0.0"/>
  <system-out><![CDATA[]]></system-out>
  <system-err><![CDATA[]]></system-err>
</testsuite>
